<tr>
<td>out.cnf</td>
<td>58</td>
<td>60</td>
<td>0</td>
<td>0.001617</td>
<td>1</td>
</tr>
<tr>
<td>out.cnf</td>
<td>58</td>
<td>60</td>
<td>0</td>
<td>0.001929</td>
<td>1</td>
</tr>
<tr>
<td>out.cnf</td>
<td>58</td>
<td>60</td>
<td>0</td>
<td>0.002511</td>
<td>1</td>
</tr>
<tr>
<td>out.cnf</td>
<td>58</td>
<td>60</td>
<td>0</td>
<td>0.001799</td>
<td>1</td>
</tr>
<tr>
<td>out.cnf</td>
<td>58</td>
<td>60</td>
<td>0</td>
<td>0.002475</td>
<td>1</td>
</tr>
<tr>
<td>out.cnf</td>
<td>58</td>
<td>60</td>
<td>0</td>
<td>0.002542</td>
<td>1</td>
</tr>
<tr>
<td>out.cnf</td>
<td>91</td>
<td>147</td>
<td>0</td>
<td>0.000439</td>
<td>UNSAT</td>
</tr>
<tr>
<td>out.cnf</td>
<td>326</td>
<td>651</td>
<td>0</td>
<td>0.000397</td>
<td>UNSAT</td>
</tr>
<tr>
<td>out.cnf</td>
<td>1097</td>
<td>2413</td>
<td>26</td>
<td>0.009661</td>
<td>27</td>
</tr>
<tr>
<td>out.cnf</td>
<td>4302</td>
<td>9873</td>
<td>211</td>
<td>0.165034</td>
<td>108</td>
</tr>
<tr>
<td>out.cnf</td>
<td>17713</td>
<td>41606</td>
<td>407</td>
<td>1.67512</td>
<td>270</td>
</tr>
<tr>
<td>out.cnf</td>
<td>215</td>
<td>222</td>
<td>0</td>
<td>0.000956</td>
<td>UNSAT</td>
</tr>
<tr>
<td>out.cnf</td>
<td>420</td>
<td>652</td>
<td>0</td>
<td>0.001027</td>
<td>UNSAT</td>
</tr>
<tr>
<td>out.cnf</td>
<td>1655</td>
<td>3474</td>
<td>0</td>
<td>0.001483</td>
<td>UNSAT</td>
</tr>
<tr>
<td>out.cnf</td>
<td>7167</td>
<td>16292</td>
<td>0</td>
<td>0.008264</td>
<td>UNSAT</td>
</tr>
<tr>
<td>out.cnf</td>
<td>63037</td>
<td>148088</td>
<td>0</td>
<td>0.705617</td>
<td>UNSAT</td>
</tr>
<tr>
<td>out.cnf</td>
<td>228</td>
<td>338</td>
<td>0</td>
<td>0.000811</td>
<td>UNSAT</td>
</tr>
<tr>
<td>out.cnf</td>
<td>896</td>
<td>1824</td>
<td>0</td>
<td>0.000952</td>
<td>UNSAT</td>
</tr>
<tr>
<td>out.cnf</td>
<td>5405</td>
<td>12085</td>
<td>326</td>
<td>0.417706</td>
<td>216</td>
</tr>
