Created by PLY version 3.11 (http://www.dabeaz.com/ply)

Grammar

Rule 0     S' -> program
Rule 1     program -> statement
Rule 2     program -> statement program
Rule 3     statement -> declare_set SEMI
Rule 4     statement -> arrangement SEMI
Rule 5     statement -> pos_constraint SEMI
Rule 6     statement -> count_constraint SEMI
Rule 7     entity_list -> LABEL
Rule 8     entity_list -> LABEL COMMA entity_list
Rule 9     comp -> EQUALS
Rule 10    comp -> LT
Rule 11    comp -> GT
Rule 12    comp -> GT EQUALS
Rule 13    comp -> LT EQUALS
Rule 14    comp -> DIFF EQUALS
Rule 15    base_set -> LABEL
Rule 16    base_set -> LABEL LSPAR NUMBER RSPAR
Rule 17    base_set -> UNIVERSE
Rule 18    set_atom -> base_set
Rule 19    set_atom -> LRPAR set RRPAR
Rule 20    set_not -> NOT set_atom
Rule 21    set_not -> set_atom
Rule 22    set_inter -> set_not
Rule 23    set_inter -> set_not INTER set_atom
Rule 24    set_union -> set_inter
Rule 25    set_union -> set UNION set_inter
Rule 26    set -> set_union
Rule 27    set -> PART
Rule 28    declare_set -> PROP LABEL EQUALS LPAR entity_list RPAR
Rule 29    declare_set -> UNIVERSE LABEL EQUALS LPAR entity_list RPAR
Rule 30    declare_set -> PROP UNIVERSE EQUALS LPAR entity_list RPAR
Rule 31    declare_set -> LAB PROP LABEL EQUALS LPAR entity_list RPAR
Rule 32    declare_set -> PROP LABEL
Rule 33    declare_set -> LAB PROP LABEL
Rule 34    arrangement -> LABEL IN LPAR REPEAT set RPAR
Rule 35    arrangement -> LABEL IN LPAR set RPAR
Rule 36    arrangement -> LABEL IN LSPAR REPEAT set RSPAR
Rule 37    arrangement -> LABEL IN LSPAR set RSPAR
Rule 38    arrangement -> LABEL IN LPAR LPAR set RPAR RPAR
Rule 39    arrangement -> LABEL IN LSPAR LPAR set RPAR RSPAR
Rule 40    pos_constraint -> LABEL LSPAR NUMBER RSPAR EQUALS set
Rule 41    pos_constraint -> LABEL LSPAR NUMBER RSPAR IN set
Rule 42    pos_constraint -> LABEL LSPAR NUMBER RSPAR EQUALS LPAR entity_list RPAR
Rule 43    count_constraint -> COUNT set comp NUMBER
Rule 44    count_constraint -> COUNT LRPAR count_constraint RRPAR comp NUMBER

Terminals, with rules where they appear

COMMA                : 8
COUNT                : 43 44
DIFF                 : 14
EQUALS               : 9 12 13 14 28 29 30 31 40 42
GT                   : 11 12
IN                   : 34 35 36 37 38 39 41
INTER                : 23
LAB                  : 31 33
LABEL                : 7 8 15 16 28 29 31 32 33 34 35 36 37 38 39 40 41 42
LPAR                 : 28 29 30 31 34 35 38 38 39 42
LRPAR                : 19 44
LSPAR                : 16 36 37 39 40 41 42
LT                   : 10 13
NOT                  : 20
NUMBER               : 16 40 41 42 43 44
PART                 : 27
PROP                 : 28 30 31 32 33
REPEAT               : 34 36
RPAR                 : 28 29 30 31 34 35 38 38 39 42
RRPAR                : 19 44
RSPAR                : 16 36 37 39 40 41 42
SEMI                 : 3 4 5 6
UNION                : 25
UNIVERSE             : 17 29 30
error                : 

Nonterminals, with rules where they appear

arrangement          : 4
base_set             : 18
comp                 : 43 44
count_constraint     : 6 44
declare_set          : 3
entity_list          : 8 28 29 30 31 42
pos_constraint       : 5
program              : 2 0
set                  : 19 25 34 35 36 37 38 39 40 41 43
set_atom             : 20 21 23
set_inter            : 24 25
set_not              : 22 23
set_union            : 26
statement            : 1 2

Parsing method: LALR

state 0

    (0) S' -> . program
    (1) program -> . statement
    (2) program -> . statement program
    (3) statement -> . declare_set SEMI
    (4) statement -> . arrangement SEMI
    (5) statement -> . pos_constraint SEMI
    (6) statement -> . count_constraint SEMI
    (28) declare_set -> . PROP LABEL EQUALS LPAR entity_list RPAR
    (29) declare_set -> . UNIVERSE LABEL EQUALS LPAR entity_list RPAR
    (30) declare_set -> . PROP UNIVERSE EQUALS LPAR entity_list RPAR
    (31) declare_set -> . LAB PROP LABEL EQUALS LPAR entity_list RPAR
    (32) declare_set -> . PROP LABEL
    (33) declare_set -> . LAB PROP LABEL
    (34) arrangement -> . LABEL IN LPAR REPEAT set RPAR
    (35) arrangement -> . LABEL IN LPAR set RPAR
    (36) arrangement -> . LABEL IN LSPAR REPEAT set RSPAR
    (37) arrangement -> . LABEL IN LSPAR set RSPAR
    (38) arrangement -> . LABEL IN LPAR LPAR set RPAR RPAR
    (39) arrangement -> . LABEL IN LSPAR LPAR set RPAR RSPAR
    (40) pos_constraint -> . LABEL LSPAR NUMBER RSPAR EQUALS set
    (41) pos_constraint -> . LABEL LSPAR NUMBER RSPAR IN set
    (42) pos_constraint -> . LABEL LSPAR NUMBER RSPAR EQUALS LPAR entity_list RPAR
    (43) count_constraint -> . COUNT set comp NUMBER
    (44) count_constraint -> . COUNT LRPAR count_constraint RRPAR comp NUMBER

    PROP            shift and go to state 7
    UNIVERSE        shift and go to state 9
    LAB             shift and go to state 10
    LABEL           shift and go to state 8
    COUNT           shift and go to state 11

    program                        shift and go to state 1
    statement                      shift and go to state 2
    declare_set                    shift and go to state 3
    arrangement                    shift and go to state 4
    pos_constraint                 shift and go to state 5
    count_constraint               shift and go to state 6

state 1

    (0) S' -> program .



state 2

    (1) program -> statement .
    (2) program -> statement . program
    (1) program -> . statement
    (2) program -> . statement program
    (3) statement -> . declare_set SEMI
    (4) statement -> . arrangement SEMI
    (5) statement -> . pos_constraint SEMI
    (6) statement -> . count_constraint SEMI
    (28) declare_set -> . PROP LABEL EQUALS LPAR entity_list RPAR
    (29) declare_set -> . UNIVERSE LABEL EQUALS LPAR entity_list RPAR
    (30) declare_set -> . PROP UNIVERSE EQUALS LPAR entity_list RPAR
    (31) declare_set -> . LAB PROP LABEL EQUALS LPAR entity_list RPAR
    (32) declare_set -> . PROP LABEL
    (33) declare_set -> . LAB PROP LABEL
    (34) arrangement -> . LABEL IN LPAR REPEAT set RPAR
    (35) arrangement -> . LABEL IN LPAR set RPAR
    (36) arrangement -> . LABEL IN LSPAR REPEAT set RSPAR
    (37) arrangement -> . LABEL IN LSPAR set RSPAR
    (38) arrangement -> . LABEL IN LPAR LPAR set RPAR RPAR
    (39) arrangement -> . LABEL IN LSPAR LPAR set RPAR RSPAR
    (40) pos_constraint -> . LABEL LSPAR NUMBER RSPAR EQUALS set
    (41) pos_constraint -> . LABEL LSPAR NUMBER RSPAR IN set
    (42) pos_constraint -> . LABEL LSPAR NUMBER RSPAR EQUALS LPAR entity_list RPAR
    (43) count_constraint -> . COUNT set comp NUMBER
    (44) count_constraint -> . COUNT LRPAR count_constraint RRPAR comp NUMBER

    $end            reduce using rule 1 (program -> statement .)
    PROP            shift and go to state 7
    UNIVERSE        shift and go to state 9
    LAB             shift and go to state 10
    LABEL           shift and go to state 8
    COUNT           shift and go to state 11

    statement                      shift and go to state 2
    program                        shift and go to state 12
    declare_set                    shift and go to state 3
    arrangement                    shift and go to state 4
    pos_constraint                 shift and go to state 5
    count_constraint               shift and go to state 6

state 3

    (3) statement -> declare_set . SEMI

    SEMI            shift and go to state 13


state 4

    (4) statement -> arrangement . SEMI

    SEMI            shift and go to state 14


state 5

    (5) statement -> pos_constraint . SEMI

    SEMI            shift and go to state 15


state 6

    (6) statement -> count_constraint . SEMI

    SEMI            shift and go to state 16


state 7

    (28) declare_set -> PROP . LABEL EQUALS LPAR entity_list RPAR
    (30) declare_set -> PROP . UNIVERSE EQUALS LPAR entity_list RPAR
    (32) declare_set -> PROP . LABEL

    LABEL           shift and go to state 17
    UNIVERSE        shift and go to state 18


state 8

    (34) arrangement -> LABEL . IN LPAR REPEAT set RPAR
    (35) arrangement -> LABEL . IN LPAR set RPAR
    (36) arrangement -> LABEL . IN LSPAR REPEAT set RSPAR
    (37) arrangement -> LABEL . IN LSPAR set RSPAR
    (38) arrangement -> LABEL . IN LPAR LPAR set RPAR RPAR
    (39) arrangement -> LABEL . IN LSPAR LPAR set RPAR RSPAR
    (40) pos_constraint -> LABEL . LSPAR NUMBER RSPAR EQUALS set
    (41) pos_constraint -> LABEL . LSPAR NUMBER RSPAR IN set
    (42) pos_constraint -> LABEL . LSPAR NUMBER RSPAR EQUALS LPAR entity_list RPAR

    IN              shift and go to state 19
    LSPAR           shift and go to state 20


state 9

    (29) declare_set -> UNIVERSE . LABEL EQUALS LPAR entity_list RPAR

    LABEL           shift and go to state 21


state 10

    (31) declare_set -> LAB . PROP LABEL EQUALS LPAR entity_list RPAR
    (33) declare_set -> LAB . PROP LABEL

    PROP            shift and go to state 22


state 11

    (43) count_constraint -> COUNT . set comp NUMBER
    (44) count_constraint -> COUNT . LRPAR count_constraint RRPAR comp NUMBER
    (26) set -> . set_union
    (27) set -> . PART
    (24) set_union -> . set_inter
    (25) set_union -> . set UNION set_inter
    (22) set_inter -> . set_not
    (23) set_inter -> . set_not INTER set_atom
    (20) set_not -> . NOT set_atom
    (21) set_not -> . set_atom
    (18) set_atom -> . base_set
    (19) set_atom -> . LRPAR set RRPAR
    (15) base_set -> . LABEL
    (16) base_set -> . LABEL LSPAR NUMBER RSPAR
    (17) base_set -> . UNIVERSE

    LRPAR           shift and go to state 24
    PART            shift and go to state 26
    NOT             shift and go to state 30
    LABEL           shift and go to state 32
    UNIVERSE        shift and go to state 33

    set                            shift and go to state 23
    set_union                      shift and go to state 25
    set_inter                      shift and go to state 27
    set_not                        shift and go to state 28
    set_atom                       shift and go to state 29
    base_set                       shift and go to state 31

state 12

    (2) program -> statement program .

    $end            reduce using rule 2 (program -> statement program .)


state 13

    (3) statement -> declare_set SEMI .

    PROP            reduce using rule 3 (statement -> declare_set SEMI .)
    UNIVERSE        reduce using rule 3 (statement -> declare_set SEMI .)
    LAB             reduce using rule 3 (statement -> declare_set SEMI .)
    LABEL           reduce using rule 3 (statement -> declare_set SEMI .)
    COUNT           reduce using rule 3 (statement -> declare_set SEMI .)
    $end            reduce using rule 3 (statement -> declare_set SEMI .)


state 14

    (4) statement -> arrangement SEMI .

    PROP            reduce using rule 4 (statement -> arrangement SEMI .)
    UNIVERSE        reduce using rule 4 (statement -> arrangement SEMI .)
    LAB             reduce using rule 4 (statement -> arrangement SEMI .)
    LABEL           reduce using rule 4 (statement -> arrangement SEMI .)
    COUNT           reduce using rule 4 (statement -> arrangement SEMI .)
    $end            reduce using rule 4 (statement -> arrangement SEMI .)


state 15

    (5) statement -> pos_constraint SEMI .

    PROP            reduce using rule 5 (statement -> pos_constraint SEMI .)
    UNIVERSE        reduce using rule 5 (statement -> pos_constraint SEMI .)
    LAB             reduce using rule 5 (statement -> pos_constraint SEMI .)
    LABEL           reduce using rule 5 (statement -> pos_constraint SEMI .)
    COUNT           reduce using rule 5 (statement -> pos_constraint SEMI .)
    $end            reduce using rule 5 (statement -> pos_constraint SEMI .)


state 16

    (6) statement -> count_constraint SEMI .

    PROP            reduce using rule 6 (statement -> count_constraint SEMI .)
    UNIVERSE        reduce using rule 6 (statement -> count_constraint SEMI .)
    LAB             reduce using rule 6 (statement -> count_constraint SEMI .)
    LABEL           reduce using rule 6 (statement -> count_constraint SEMI .)
    COUNT           reduce using rule 6 (statement -> count_constraint SEMI .)
    $end            reduce using rule 6 (statement -> count_constraint SEMI .)


state 17

    (28) declare_set -> PROP LABEL . EQUALS LPAR entity_list RPAR
    (32) declare_set -> PROP LABEL .

    EQUALS          shift and go to state 34
    SEMI            reduce using rule 32 (declare_set -> PROP LABEL .)


state 18

    (30) declare_set -> PROP UNIVERSE . EQUALS LPAR entity_list RPAR

    EQUALS          shift and go to state 35


state 19

    (34) arrangement -> LABEL IN . LPAR REPEAT set RPAR
    (35) arrangement -> LABEL IN . LPAR set RPAR
    (36) arrangement -> LABEL IN . LSPAR REPEAT set RSPAR
    (37) arrangement -> LABEL IN . LSPAR set RSPAR
    (38) arrangement -> LABEL IN . LPAR LPAR set RPAR RPAR
    (39) arrangement -> LABEL IN . LSPAR LPAR set RPAR RSPAR

    LPAR            shift and go to state 36
    LSPAR           shift and go to state 37


state 20

    (40) pos_constraint -> LABEL LSPAR . NUMBER RSPAR EQUALS set
    (41) pos_constraint -> LABEL LSPAR . NUMBER RSPAR IN set
    (42) pos_constraint -> LABEL LSPAR . NUMBER RSPAR EQUALS LPAR entity_list RPAR

    NUMBER          shift and go to state 38


state 21

    (29) declare_set -> UNIVERSE LABEL . EQUALS LPAR entity_list RPAR

    EQUALS          shift and go to state 39


state 22

    (31) declare_set -> LAB PROP . LABEL EQUALS LPAR entity_list RPAR
    (33) declare_set -> LAB PROP . LABEL

    LABEL           shift and go to state 40


state 23

    (43) count_constraint -> COUNT set . comp NUMBER
    (25) set_union -> set . UNION set_inter
    (9) comp -> . EQUALS
    (10) comp -> . LT
    (11) comp -> . GT
    (12) comp -> . GT EQUALS
    (13) comp -> . LT EQUALS
    (14) comp -> . DIFF EQUALS

    UNION           shift and go to state 42
    EQUALS          shift and go to state 43
    LT              shift and go to state 44
    GT              shift and go to state 45
    DIFF            shift and go to state 46

    comp                           shift and go to state 41

state 24

    (44) count_constraint -> COUNT LRPAR . count_constraint RRPAR comp NUMBER
    (19) set_atom -> LRPAR . set RRPAR
    (43) count_constraint -> . COUNT set comp NUMBER
    (44) count_constraint -> . COUNT LRPAR count_constraint RRPAR comp NUMBER
    (26) set -> . set_union
    (27) set -> . PART
    (24) set_union -> . set_inter
    (25) set_union -> . set UNION set_inter
    (22) set_inter -> . set_not
    (23) set_inter -> . set_not INTER set_atom
    (20) set_not -> . NOT set_atom
    (21) set_not -> . set_atom
    (18) set_atom -> . base_set
    (19) set_atom -> . LRPAR set RRPAR
    (15) base_set -> . LABEL
    (16) base_set -> . LABEL LSPAR NUMBER RSPAR
    (17) base_set -> . UNIVERSE

    COUNT           shift and go to state 11
    PART            shift and go to state 26
    NOT             shift and go to state 30
    LRPAR           shift and go to state 47
    LABEL           shift and go to state 32
    UNIVERSE        shift and go to state 33

    count_constraint               shift and go to state 48
    set                            shift and go to state 49
    set_union                      shift and go to state 25
    set_inter                      shift and go to state 27
    set_not                        shift and go to state 28
    set_atom                       shift and go to state 29
    base_set                       shift and go to state 31

state 25

    (26) set -> set_union .

    UNION           reduce using rule 26 (set -> set_union .)
    EQUALS          reduce using rule 26 (set -> set_union .)
    LT              reduce using rule 26 (set -> set_union .)
    GT              reduce using rule 26 (set -> set_union .)
    DIFF            reduce using rule 26 (set -> set_union .)
    RRPAR           reduce using rule 26 (set -> set_union .)
    RPAR            reduce using rule 26 (set -> set_union .)
    RSPAR           reduce using rule 26 (set -> set_union .)
    SEMI            reduce using rule 26 (set -> set_union .)


state 26

    (27) set -> PART .

    UNION           reduce using rule 27 (set -> PART .)
    EQUALS          reduce using rule 27 (set -> PART .)
    LT              reduce using rule 27 (set -> PART .)
    GT              reduce using rule 27 (set -> PART .)
    DIFF            reduce using rule 27 (set -> PART .)
    RRPAR           reduce using rule 27 (set -> PART .)
    RPAR            reduce using rule 27 (set -> PART .)
    RSPAR           reduce using rule 27 (set -> PART .)
    SEMI            reduce using rule 27 (set -> PART .)


state 27

    (24) set_union -> set_inter .

    UNION           reduce using rule 24 (set_union -> set_inter .)
    EQUALS          reduce using rule 24 (set_union -> set_inter .)
    LT              reduce using rule 24 (set_union -> set_inter .)
    GT              reduce using rule 24 (set_union -> set_inter .)
    DIFF            reduce using rule 24 (set_union -> set_inter .)
    RRPAR           reduce using rule 24 (set_union -> set_inter .)
    RPAR            reduce using rule 24 (set_union -> set_inter .)
    RSPAR           reduce using rule 24 (set_union -> set_inter .)
    SEMI            reduce using rule 24 (set_union -> set_inter .)


state 28

    (22) set_inter -> set_not .
    (23) set_inter -> set_not . INTER set_atom

    UNION           reduce using rule 22 (set_inter -> set_not .)
    EQUALS          reduce using rule 22 (set_inter -> set_not .)
    LT              reduce using rule 22 (set_inter -> set_not .)
    GT              reduce using rule 22 (set_inter -> set_not .)
    DIFF            reduce using rule 22 (set_inter -> set_not .)
    RRPAR           reduce using rule 22 (set_inter -> set_not .)
    RPAR            reduce using rule 22 (set_inter -> set_not .)
    RSPAR           reduce using rule 22 (set_inter -> set_not .)
    SEMI            reduce using rule 22 (set_inter -> set_not .)
    INTER           shift and go to state 50


state 29

    (21) set_not -> set_atom .

    INTER           reduce using rule 21 (set_not -> set_atom .)
    UNION           reduce using rule 21 (set_not -> set_atom .)
    EQUALS          reduce using rule 21 (set_not -> set_atom .)
    LT              reduce using rule 21 (set_not -> set_atom .)
    GT              reduce using rule 21 (set_not -> set_atom .)
    DIFF            reduce using rule 21 (set_not -> set_atom .)
    RRPAR           reduce using rule 21 (set_not -> set_atom .)
    RPAR            reduce using rule 21 (set_not -> set_atom .)
    RSPAR           reduce using rule 21 (set_not -> set_atom .)
    SEMI            reduce using rule 21 (set_not -> set_atom .)


state 30

    (20) set_not -> NOT . set_atom
    (18) set_atom -> . base_set
    (19) set_atom -> . LRPAR set RRPAR
    (15) base_set -> . LABEL
    (16) base_set -> . LABEL LSPAR NUMBER RSPAR
    (17) base_set -> . UNIVERSE

    LRPAR           shift and go to state 47
    LABEL           shift and go to state 32
    UNIVERSE        shift and go to state 33

    set_atom                       shift and go to state 51
    base_set                       shift and go to state 31

state 31

    (18) set_atom -> base_set .

    INTER           reduce using rule 18 (set_atom -> base_set .)
    UNION           reduce using rule 18 (set_atom -> base_set .)
    EQUALS          reduce using rule 18 (set_atom -> base_set .)
    LT              reduce using rule 18 (set_atom -> base_set .)
    GT              reduce using rule 18 (set_atom -> base_set .)
    DIFF            reduce using rule 18 (set_atom -> base_set .)
    RRPAR           reduce using rule 18 (set_atom -> base_set .)
    RPAR            reduce using rule 18 (set_atom -> base_set .)
    RSPAR           reduce using rule 18 (set_atom -> base_set .)
    SEMI            reduce using rule 18 (set_atom -> base_set .)


state 32

    (15) base_set -> LABEL .
    (16) base_set -> LABEL . LSPAR NUMBER RSPAR

    INTER           reduce using rule 15 (base_set -> LABEL .)
    UNION           reduce using rule 15 (base_set -> LABEL .)
    EQUALS          reduce using rule 15 (base_set -> LABEL .)
    LT              reduce using rule 15 (base_set -> LABEL .)
    GT              reduce using rule 15 (base_set -> LABEL .)
    DIFF            reduce using rule 15 (base_set -> LABEL .)
    RRPAR           reduce using rule 15 (base_set -> LABEL .)
    RPAR            reduce using rule 15 (base_set -> LABEL .)
    RSPAR           reduce using rule 15 (base_set -> LABEL .)
    SEMI            reduce using rule 15 (base_set -> LABEL .)
    LSPAR           shift and go to state 52


state 33

    (17) base_set -> UNIVERSE .

    INTER           reduce using rule 17 (base_set -> UNIVERSE .)
    UNION           reduce using rule 17 (base_set -> UNIVERSE .)
    EQUALS          reduce using rule 17 (base_set -> UNIVERSE .)
    LT              reduce using rule 17 (base_set -> UNIVERSE .)
    GT              reduce using rule 17 (base_set -> UNIVERSE .)
    DIFF            reduce using rule 17 (base_set -> UNIVERSE .)
    RRPAR           reduce using rule 17 (base_set -> UNIVERSE .)
    RPAR            reduce using rule 17 (base_set -> UNIVERSE .)
    RSPAR           reduce using rule 17 (base_set -> UNIVERSE .)
    SEMI            reduce using rule 17 (base_set -> UNIVERSE .)


state 34

    (28) declare_set -> PROP LABEL EQUALS . LPAR entity_list RPAR

    LPAR            shift and go to state 53


state 35

    (30) declare_set -> PROP UNIVERSE EQUALS . LPAR entity_list RPAR

    LPAR            shift and go to state 54


state 36

    (34) arrangement -> LABEL IN LPAR . REPEAT set RPAR
    (35) arrangement -> LABEL IN LPAR . set RPAR
    (38) arrangement -> LABEL IN LPAR . LPAR set RPAR RPAR
    (26) set -> . set_union
    (27) set -> . PART
    (24) set_union -> . set_inter
    (25) set_union -> . set UNION set_inter
    (22) set_inter -> . set_not
    (23) set_inter -> . set_not INTER set_atom
    (20) set_not -> . NOT set_atom
    (21) set_not -> . set_atom
    (18) set_atom -> . base_set
    (19) set_atom -> . LRPAR set RRPAR
    (15) base_set -> . LABEL
    (16) base_set -> . LABEL LSPAR NUMBER RSPAR
    (17) base_set -> . UNIVERSE

    REPEAT          shift and go to state 56
    LPAR            shift and go to state 55
    PART            shift and go to state 26
    NOT             shift and go to state 30
    LRPAR           shift and go to state 47
    LABEL           shift and go to state 32
    UNIVERSE        shift and go to state 33

    set                            shift and go to state 57
    set_union                      shift and go to state 25
    set_inter                      shift and go to state 27
    set_not                        shift and go to state 28
    set_atom                       shift and go to state 29
    base_set                       shift and go to state 31

state 37

    (36) arrangement -> LABEL IN LSPAR . REPEAT set RSPAR
    (37) arrangement -> LABEL IN LSPAR . set RSPAR
    (39) arrangement -> LABEL IN LSPAR . LPAR set RPAR RSPAR
    (26) set -> . set_union
    (27) set -> . PART
    (24) set_union -> . set_inter
    (25) set_union -> . set UNION set_inter
    (22) set_inter -> . set_not
    (23) set_inter -> . set_not INTER set_atom
    (20) set_not -> . NOT set_atom
    (21) set_not -> . set_atom
    (18) set_atom -> . base_set
    (19) set_atom -> . LRPAR set RRPAR
    (15) base_set -> . LABEL
    (16) base_set -> . LABEL LSPAR NUMBER RSPAR
    (17) base_set -> . UNIVERSE

    REPEAT          shift and go to state 58
    LPAR            shift and go to state 60
    PART            shift and go to state 26
    NOT             shift and go to state 30
    LRPAR           shift and go to state 47
    LABEL           shift and go to state 32
    UNIVERSE        shift and go to state 33

    set                            shift and go to state 59
    set_union                      shift and go to state 25
    set_inter                      shift and go to state 27
    set_not                        shift and go to state 28
    set_atom                       shift and go to state 29
    base_set                       shift and go to state 31

state 38

    (40) pos_constraint -> LABEL LSPAR NUMBER . RSPAR EQUALS set
    (41) pos_constraint -> LABEL LSPAR NUMBER . RSPAR IN set
    (42) pos_constraint -> LABEL LSPAR NUMBER . RSPAR EQUALS LPAR entity_list RPAR

    RSPAR           shift and go to state 61


state 39

    (29) declare_set -> UNIVERSE LABEL EQUALS . LPAR entity_list RPAR

    LPAR            shift and go to state 62


state 40

    (31) declare_set -> LAB PROP LABEL . EQUALS LPAR entity_list RPAR
    (33) declare_set -> LAB PROP LABEL .

    EQUALS          shift and go to state 63
    SEMI            reduce using rule 33 (declare_set -> LAB PROP LABEL .)


state 41

    (43) count_constraint -> COUNT set comp . NUMBER

    NUMBER          shift and go to state 64


state 42

    (25) set_union -> set UNION . set_inter
    (22) set_inter -> . set_not
    (23) set_inter -> . set_not INTER set_atom
    (20) set_not -> . NOT set_atom
    (21) set_not -> . set_atom
    (18) set_atom -> . base_set
    (19) set_atom -> . LRPAR set RRPAR
    (15) base_set -> . LABEL
    (16) base_set -> . LABEL LSPAR NUMBER RSPAR
    (17) base_set -> . UNIVERSE

    NOT             shift and go to state 30
    LRPAR           shift and go to state 47
    LABEL           shift and go to state 32
    UNIVERSE        shift and go to state 33

    set_inter                      shift and go to state 65
    set_not                        shift and go to state 28
    set_atom                       shift and go to state 29
    base_set                       shift and go to state 31

state 43

    (9) comp -> EQUALS .

    NUMBER          reduce using rule 9 (comp -> EQUALS .)


state 44

    (10) comp -> LT .
    (13) comp -> LT . EQUALS

    NUMBER          reduce using rule 10 (comp -> LT .)
    EQUALS          shift and go to state 66


state 45

    (11) comp -> GT .
    (12) comp -> GT . EQUALS

    NUMBER          reduce using rule 11 (comp -> GT .)
    EQUALS          shift and go to state 67


state 46

    (14) comp -> DIFF . EQUALS

    EQUALS          shift and go to state 68


state 47

    (19) set_atom -> LRPAR . set RRPAR
    (26) set -> . set_union
    (27) set -> . PART
    (24) set_union -> . set_inter
    (25) set_union -> . set UNION set_inter
    (22) set_inter -> . set_not
    (23) set_inter -> . set_not INTER set_atom
    (20) set_not -> . NOT set_atom
    (21) set_not -> . set_atom
    (18) set_atom -> . base_set
    (19) set_atom -> . LRPAR set RRPAR
    (15) base_set -> . LABEL
    (16) base_set -> . LABEL LSPAR NUMBER RSPAR
    (17) base_set -> . UNIVERSE

    PART            shift and go to state 26
    NOT             shift and go to state 30
    LRPAR           shift and go to state 47
    LABEL           shift and go to state 32
    UNIVERSE        shift and go to state 33

    set                            shift and go to state 49
    set_union                      shift and go to state 25
    set_inter                      shift and go to state 27
    set_not                        shift and go to state 28
    set_atom                       shift and go to state 29
    base_set                       shift and go to state 31

state 48

    (44) count_constraint -> COUNT LRPAR count_constraint . RRPAR comp NUMBER

    RRPAR           shift and go to state 69


state 49

    (19) set_atom -> LRPAR set . RRPAR
    (25) set_union -> set . UNION set_inter

    RRPAR           shift and go to state 70
    UNION           shift and go to state 42


state 50

    (23) set_inter -> set_not INTER . set_atom
    (18) set_atom -> . base_set
    (19) set_atom -> . LRPAR set RRPAR
    (15) base_set -> . LABEL
    (16) base_set -> . LABEL LSPAR NUMBER RSPAR
    (17) base_set -> . UNIVERSE

    LRPAR           shift and go to state 47
    LABEL           shift and go to state 32
    UNIVERSE        shift and go to state 33

    set_atom                       shift and go to state 71
    base_set                       shift and go to state 31

state 51

    (20) set_not -> NOT set_atom .

    INTER           reduce using rule 20 (set_not -> NOT set_atom .)
    UNION           reduce using rule 20 (set_not -> NOT set_atom .)
    EQUALS          reduce using rule 20 (set_not -> NOT set_atom .)
    LT              reduce using rule 20 (set_not -> NOT set_atom .)
    GT              reduce using rule 20 (set_not -> NOT set_atom .)
    DIFF            reduce using rule 20 (set_not -> NOT set_atom .)
    RRPAR           reduce using rule 20 (set_not -> NOT set_atom .)
    RPAR            reduce using rule 20 (set_not -> NOT set_atom .)
    RSPAR           reduce using rule 20 (set_not -> NOT set_atom .)
    SEMI            reduce using rule 20 (set_not -> NOT set_atom .)


state 52

    (16) base_set -> LABEL LSPAR . NUMBER RSPAR

    NUMBER          shift and go to state 72


state 53

    (28) declare_set -> PROP LABEL EQUALS LPAR . entity_list RPAR
    (7) entity_list -> . LABEL
    (8) entity_list -> . LABEL COMMA entity_list

    LABEL           shift and go to state 73

    entity_list                    shift and go to state 74

state 54

    (30) declare_set -> PROP UNIVERSE EQUALS LPAR . entity_list RPAR
    (7) entity_list -> . LABEL
    (8) entity_list -> . LABEL COMMA entity_list

    LABEL           shift and go to state 73

    entity_list                    shift and go to state 75

state 55

    (38) arrangement -> LABEL IN LPAR LPAR . set RPAR RPAR
    (26) set -> . set_union
    (27) set -> . PART
    (24) set_union -> . set_inter
    (25) set_union -> . set UNION set_inter
    (22) set_inter -> . set_not
    (23) set_inter -> . set_not INTER set_atom
    (20) set_not -> . NOT set_atom
    (21) set_not -> . set_atom
    (18) set_atom -> . base_set
    (19) set_atom -> . LRPAR set RRPAR
    (15) base_set -> . LABEL
    (16) base_set -> . LABEL LSPAR NUMBER RSPAR
    (17) base_set -> . UNIVERSE

    PART            shift and go to state 26
    NOT             shift and go to state 30
    LRPAR           shift and go to state 47
    LABEL           shift and go to state 32
    UNIVERSE        shift and go to state 33

    set                            shift and go to state 76
    set_union                      shift and go to state 25
    set_inter                      shift and go to state 27
    set_not                        shift and go to state 28
    set_atom                       shift and go to state 29
    base_set                       shift and go to state 31

state 56

    (34) arrangement -> LABEL IN LPAR REPEAT . set RPAR
    (26) set -> . set_union
    (27) set -> . PART
    (24) set_union -> . set_inter
    (25) set_union -> . set UNION set_inter
    (22) set_inter -> . set_not
    (23) set_inter -> . set_not INTER set_atom
    (20) set_not -> . NOT set_atom
    (21) set_not -> . set_atom
    (18) set_atom -> . base_set
    (19) set_atom -> . LRPAR set RRPAR
    (15) base_set -> . LABEL
    (16) base_set -> . LABEL LSPAR NUMBER RSPAR
    (17) base_set -> . UNIVERSE

    PART            shift and go to state 26
    NOT             shift and go to state 30
    LRPAR           shift and go to state 47
    LABEL           shift and go to state 32
    UNIVERSE        shift and go to state 33

    set                            shift and go to state 77
    set_union                      shift and go to state 25
    set_inter                      shift and go to state 27
    set_not                        shift and go to state 28
    set_atom                       shift and go to state 29
    base_set                       shift and go to state 31

state 57

    (35) arrangement -> LABEL IN LPAR set . RPAR
    (25) set_union -> set . UNION set_inter

    RPAR            shift and go to state 78
    UNION           shift and go to state 42


state 58

    (36) arrangement -> LABEL IN LSPAR REPEAT . set RSPAR
    (26) set -> . set_union
    (27) set -> . PART
    (24) set_union -> . set_inter
    (25) set_union -> . set UNION set_inter
    (22) set_inter -> . set_not
    (23) set_inter -> . set_not INTER set_atom
    (20) set_not -> . NOT set_atom
    (21) set_not -> . set_atom
    (18) set_atom -> . base_set
    (19) set_atom -> . LRPAR set RRPAR
    (15) base_set -> . LABEL
    (16) base_set -> . LABEL LSPAR NUMBER RSPAR
    (17) base_set -> . UNIVERSE

    PART            shift and go to state 26
    NOT             shift and go to state 30
    LRPAR           shift and go to state 47
    LABEL           shift and go to state 32
    UNIVERSE        shift and go to state 33

    set                            shift and go to state 79
    set_union                      shift and go to state 25
    set_inter                      shift and go to state 27
    set_not                        shift and go to state 28
    set_atom                       shift and go to state 29
    base_set                       shift and go to state 31

state 59

    (37) arrangement -> LABEL IN LSPAR set . RSPAR
    (25) set_union -> set . UNION set_inter

    RSPAR           shift and go to state 80
    UNION           shift and go to state 42


state 60

    (39) arrangement -> LABEL IN LSPAR LPAR . set RPAR RSPAR
    (26) set -> . set_union
    (27) set -> . PART
    (24) set_union -> . set_inter
    (25) set_union -> . set UNION set_inter
    (22) set_inter -> . set_not
    (23) set_inter -> . set_not INTER set_atom
    (20) set_not -> . NOT set_atom
    (21) set_not -> . set_atom
    (18) set_atom -> . base_set
    (19) set_atom -> . LRPAR set RRPAR
    (15) base_set -> . LABEL
    (16) base_set -> . LABEL LSPAR NUMBER RSPAR
    (17) base_set -> . UNIVERSE

    PART            shift and go to state 26
    NOT             shift and go to state 30
    LRPAR           shift and go to state 47
    LABEL           shift and go to state 32
    UNIVERSE        shift and go to state 33

    set                            shift and go to state 81
    set_union                      shift and go to state 25
    set_inter                      shift and go to state 27
    set_not                        shift and go to state 28
    set_atom                       shift and go to state 29
    base_set                       shift and go to state 31

state 61

    (40) pos_constraint -> LABEL LSPAR NUMBER RSPAR . EQUALS set
    (41) pos_constraint -> LABEL LSPAR NUMBER RSPAR . IN set
    (42) pos_constraint -> LABEL LSPAR NUMBER RSPAR . EQUALS LPAR entity_list RPAR

    EQUALS          shift and go to state 82
    IN              shift and go to state 83


state 62

    (29) declare_set -> UNIVERSE LABEL EQUALS LPAR . entity_list RPAR
    (7) entity_list -> . LABEL
    (8) entity_list -> . LABEL COMMA entity_list

    LABEL           shift and go to state 73

    entity_list                    shift and go to state 84

state 63

    (31) declare_set -> LAB PROP LABEL EQUALS . LPAR entity_list RPAR

    LPAR            shift and go to state 85


state 64

    (43) count_constraint -> COUNT set comp NUMBER .

    SEMI            reduce using rule 43 (count_constraint -> COUNT set comp NUMBER .)
    RRPAR           reduce using rule 43 (count_constraint -> COUNT set comp NUMBER .)


state 65

    (25) set_union -> set UNION set_inter .

    UNION           reduce using rule 25 (set_union -> set UNION set_inter .)
    EQUALS          reduce using rule 25 (set_union -> set UNION set_inter .)
    LT              reduce using rule 25 (set_union -> set UNION set_inter .)
    GT              reduce using rule 25 (set_union -> set UNION set_inter .)
    DIFF            reduce using rule 25 (set_union -> set UNION set_inter .)
    RRPAR           reduce using rule 25 (set_union -> set UNION set_inter .)
    RPAR            reduce using rule 25 (set_union -> set UNION set_inter .)
    RSPAR           reduce using rule 25 (set_union -> set UNION set_inter .)
    SEMI            reduce using rule 25 (set_union -> set UNION set_inter .)


state 66

    (13) comp -> LT EQUALS .

    NUMBER          reduce using rule 13 (comp -> LT EQUALS .)


state 67

    (12) comp -> GT EQUALS .

    NUMBER          reduce using rule 12 (comp -> GT EQUALS .)


state 68

    (14) comp -> DIFF EQUALS .

    NUMBER          reduce using rule 14 (comp -> DIFF EQUALS .)


state 69

    (44) count_constraint -> COUNT LRPAR count_constraint RRPAR . comp NUMBER
    (9) comp -> . EQUALS
    (10) comp -> . LT
    (11) comp -> . GT
    (12) comp -> . GT EQUALS
    (13) comp -> . LT EQUALS
    (14) comp -> . DIFF EQUALS

    EQUALS          shift and go to state 43
    LT              shift and go to state 44
    GT              shift and go to state 45
    DIFF            shift and go to state 46

    comp                           shift and go to state 86

state 70

    (19) set_atom -> LRPAR set RRPAR .

    INTER           reduce using rule 19 (set_atom -> LRPAR set RRPAR .)
    UNION           reduce using rule 19 (set_atom -> LRPAR set RRPAR .)
    EQUALS          reduce using rule 19 (set_atom -> LRPAR set RRPAR .)
    LT              reduce using rule 19 (set_atom -> LRPAR set RRPAR .)
    GT              reduce using rule 19 (set_atom -> LRPAR set RRPAR .)
    DIFF            reduce using rule 19 (set_atom -> LRPAR set RRPAR .)
    RRPAR           reduce using rule 19 (set_atom -> LRPAR set RRPAR .)
    RPAR            reduce using rule 19 (set_atom -> LRPAR set RRPAR .)
    RSPAR           reduce using rule 19 (set_atom -> LRPAR set RRPAR .)
    SEMI            reduce using rule 19 (set_atom -> LRPAR set RRPAR .)


state 71

    (23) set_inter -> set_not INTER set_atom .

    UNION           reduce using rule 23 (set_inter -> set_not INTER set_atom .)
    EQUALS          reduce using rule 23 (set_inter -> set_not INTER set_atom .)
    LT              reduce using rule 23 (set_inter -> set_not INTER set_atom .)
    GT              reduce using rule 23 (set_inter -> set_not INTER set_atom .)
    DIFF            reduce using rule 23 (set_inter -> set_not INTER set_atom .)
    RRPAR           reduce using rule 23 (set_inter -> set_not INTER set_atom .)
    RPAR            reduce using rule 23 (set_inter -> set_not INTER set_atom .)
    RSPAR           reduce using rule 23 (set_inter -> set_not INTER set_atom .)
    SEMI            reduce using rule 23 (set_inter -> set_not INTER set_atom .)


state 72

    (16) base_set -> LABEL LSPAR NUMBER . RSPAR

    RSPAR           shift and go to state 87


state 73

    (7) entity_list -> LABEL .
    (8) entity_list -> LABEL . COMMA entity_list

    RPAR            reduce using rule 7 (entity_list -> LABEL .)
    COMMA           shift and go to state 88


state 74

    (28) declare_set -> PROP LABEL EQUALS LPAR entity_list . RPAR

    RPAR            shift and go to state 89


state 75

    (30) declare_set -> PROP UNIVERSE EQUALS LPAR entity_list . RPAR

    RPAR            shift and go to state 90


state 76

    (38) arrangement -> LABEL IN LPAR LPAR set . RPAR RPAR
    (25) set_union -> set . UNION set_inter

    RPAR            shift and go to state 91
    UNION           shift and go to state 42


state 77

    (34) arrangement -> LABEL IN LPAR REPEAT set . RPAR
    (25) set_union -> set . UNION set_inter

    RPAR            shift and go to state 92
    UNION           shift and go to state 42


state 78

    (35) arrangement -> LABEL IN LPAR set RPAR .

    SEMI            reduce using rule 35 (arrangement -> LABEL IN LPAR set RPAR .)


state 79

    (36) arrangement -> LABEL IN LSPAR REPEAT set . RSPAR
    (25) set_union -> set . UNION set_inter

    RSPAR           shift and go to state 93
    UNION           shift and go to state 42


state 80

    (37) arrangement -> LABEL IN LSPAR set RSPAR .

    SEMI            reduce using rule 37 (arrangement -> LABEL IN LSPAR set RSPAR .)


state 81

    (39) arrangement -> LABEL IN LSPAR LPAR set . RPAR RSPAR
    (25) set_union -> set . UNION set_inter

    RPAR            shift and go to state 94
    UNION           shift and go to state 42


state 82

    (40) pos_constraint -> LABEL LSPAR NUMBER RSPAR EQUALS . set
    (42) pos_constraint -> LABEL LSPAR NUMBER RSPAR EQUALS . LPAR entity_list RPAR
    (26) set -> . set_union
    (27) set -> . PART
    (24) set_union -> . set_inter
    (25) set_union -> . set UNION set_inter
    (22) set_inter -> . set_not
    (23) set_inter -> . set_not INTER set_atom
    (20) set_not -> . NOT set_atom
    (21) set_not -> . set_atom
    (18) set_atom -> . base_set
    (19) set_atom -> . LRPAR set RRPAR
    (15) base_set -> . LABEL
    (16) base_set -> . LABEL LSPAR NUMBER RSPAR
    (17) base_set -> . UNIVERSE

    LPAR            shift and go to state 96
    PART            shift and go to state 26
    NOT             shift and go to state 30
    LRPAR           shift and go to state 47
    LABEL           shift and go to state 32
    UNIVERSE        shift and go to state 33

    set                            shift and go to state 95
    set_union                      shift and go to state 25
    set_inter                      shift and go to state 27
    set_not                        shift and go to state 28
    set_atom                       shift and go to state 29
    base_set                       shift and go to state 31

state 83

    (41) pos_constraint -> LABEL LSPAR NUMBER RSPAR IN . set
    (26) set -> . set_union
    (27) set -> . PART
    (24) set_union -> . set_inter
    (25) set_union -> . set UNION set_inter
    (22) set_inter -> . set_not
    (23) set_inter -> . set_not INTER set_atom
    (20) set_not -> . NOT set_atom
    (21) set_not -> . set_atom
    (18) set_atom -> . base_set
    (19) set_atom -> . LRPAR set RRPAR
    (15) base_set -> . LABEL
    (16) base_set -> . LABEL LSPAR NUMBER RSPAR
    (17) base_set -> . UNIVERSE

    PART            shift and go to state 26
    NOT             shift and go to state 30
    LRPAR           shift and go to state 47
    LABEL           shift and go to state 32
    UNIVERSE        shift and go to state 33

    set                            shift and go to state 97
    set_union                      shift and go to state 25
    set_inter                      shift and go to state 27
    set_not                        shift and go to state 28
    set_atom                       shift and go to state 29
    base_set                       shift and go to state 31

state 84

    (29) declare_set -> UNIVERSE LABEL EQUALS LPAR entity_list . RPAR

    RPAR            shift and go to state 98


state 85

    (31) declare_set -> LAB PROP LABEL EQUALS LPAR . entity_list RPAR
    (7) entity_list -> . LABEL
    (8) entity_list -> . LABEL COMMA entity_list

    LABEL           shift and go to state 73

    entity_list                    shift and go to state 99

state 86

    (44) count_constraint -> COUNT LRPAR count_constraint RRPAR comp . NUMBER

    NUMBER          shift and go to state 100


state 87

    (16) base_set -> LABEL LSPAR NUMBER RSPAR .

    INTER           reduce using rule 16 (base_set -> LABEL LSPAR NUMBER RSPAR .)
    UNION           reduce using rule 16 (base_set -> LABEL LSPAR NUMBER RSPAR .)
    EQUALS          reduce using rule 16 (base_set -> LABEL LSPAR NUMBER RSPAR .)
    LT              reduce using rule 16 (base_set -> LABEL LSPAR NUMBER RSPAR .)
    GT              reduce using rule 16 (base_set -> LABEL LSPAR NUMBER RSPAR .)
    DIFF            reduce using rule 16 (base_set -> LABEL LSPAR NUMBER RSPAR .)
    RRPAR           reduce using rule 16 (base_set -> LABEL LSPAR NUMBER RSPAR .)
    RPAR            reduce using rule 16 (base_set -> LABEL LSPAR NUMBER RSPAR .)
    RSPAR           reduce using rule 16 (base_set -> LABEL LSPAR NUMBER RSPAR .)
    SEMI            reduce using rule 16 (base_set -> LABEL LSPAR NUMBER RSPAR .)


state 88

    (8) entity_list -> LABEL COMMA . entity_list
    (7) entity_list -> . LABEL
    (8) entity_list -> . LABEL COMMA entity_list

    LABEL           shift and go to state 73

    entity_list                    shift and go to state 101

state 89

    (28) declare_set -> PROP LABEL EQUALS LPAR entity_list RPAR .

    SEMI            reduce using rule 28 (declare_set -> PROP LABEL EQUALS LPAR entity_list RPAR .)


state 90

    (30) declare_set -> PROP UNIVERSE EQUALS LPAR entity_list RPAR .

    SEMI            reduce using rule 30 (declare_set -> PROP UNIVERSE EQUALS LPAR entity_list RPAR .)


state 91

    (38) arrangement -> LABEL IN LPAR LPAR set RPAR . RPAR

    RPAR            shift and go to state 102


state 92

    (34) arrangement -> LABEL IN LPAR REPEAT set RPAR .

    SEMI            reduce using rule 34 (arrangement -> LABEL IN LPAR REPEAT set RPAR .)


state 93

    (36) arrangement -> LABEL IN LSPAR REPEAT set RSPAR .

    SEMI            reduce using rule 36 (arrangement -> LABEL IN LSPAR REPEAT set RSPAR .)


state 94

    (39) arrangement -> LABEL IN LSPAR LPAR set RPAR . RSPAR

    RSPAR           shift and go to state 103


state 95

    (40) pos_constraint -> LABEL LSPAR NUMBER RSPAR EQUALS set .
    (25) set_union -> set . UNION set_inter

    SEMI            reduce using rule 40 (pos_constraint -> LABEL LSPAR NUMBER RSPAR EQUALS set .)
    UNION           shift and go to state 42


state 96

    (42) pos_constraint -> LABEL LSPAR NUMBER RSPAR EQUALS LPAR . entity_list RPAR
    (7) entity_list -> . LABEL
    (8) entity_list -> . LABEL COMMA entity_list

    LABEL           shift and go to state 73

    entity_list                    shift and go to state 104

state 97

    (41) pos_constraint -> LABEL LSPAR NUMBER RSPAR IN set .
    (25) set_union -> set . UNION set_inter

    SEMI            reduce using rule 41 (pos_constraint -> LABEL LSPAR NUMBER RSPAR IN set .)
    UNION           shift and go to state 42


state 98

    (29) declare_set -> UNIVERSE LABEL EQUALS LPAR entity_list RPAR .

    SEMI            reduce using rule 29 (declare_set -> UNIVERSE LABEL EQUALS LPAR entity_list RPAR .)


state 99

    (31) declare_set -> LAB PROP LABEL EQUALS LPAR entity_list . RPAR

    RPAR            shift and go to state 105


state 100

    (44) count_constraint -> COUNT LRPAR count_constraint RRPAR comp NUMBER .

    SEMI            reduce using rule 44 (count_constraint -> COUNT LRPAR count_constraint RRPAR comp NUMBER .)
    RRPAR           reduce using rule 44 (count_constraint -> COUNT LRPAR count_constraint RRPAR comp NUMBER .)


state 101

    (8) entity_list -> LABEL COMMA entity_list .

    RPAR            reduce using rule 8 (entity_list -> LABEL COMMA entity_list .)


state 102

    (38) arrangement -> LABEL IN LPAR LPAR set RPAR RPAR .

    SEMI            reduce using rule 38 (arrangement -> LABEL IN LPAR LPAR set RPAR RPAR .)


state 103

    (39) arrangement -> LABEL IN LSPAR LPAR set RPAR RSPAR .

    SEMI            reduce using rule 39 (arrangement -> LABEL IN LSPAR LPAR set RPAR RSPAR .)


state 104

    (42) pos_constraint -> LABEL LSPAR NUMBER RSPAR EQUALS LPAR entity_list . RPAR

    RPAR            shift and go to state 106


state 105

    (31) declare_set -> LAB PROP LABEL EQUALS LPAR entity_list RPAR .

    SEMI            reduce using rule 31 (declare_set -> LAB PROP LABEL EQUALS LPAR entity_list RPAR .)


state 106

    (42) pos_constraint -> LABEL LSPAR NUMBER RSPAR EQUALS LPAR entity_list RPAR .

    SEMI            reduce using rule 42 (pos_constraint -> LABEL LSPAR NUMBER RSPAR EQUALS LPAR entity_list RPAR .)

